<?xml version="1.0" encoding="UTF-8"?>
<testng-results ignored="0" total="1" passed="1" failed="0" skipped="0">
  <reporter-output>
  </reporter-output>
  <suite started-at="2020-10-14T10:57:40 IST" name="Demo Webshop" finished-at="2020-10-14T10:58:06 IST" duration-ms="26611">
    <groups>
    </groups>
    <test started-at="2020-10-14T10:57:40 IST" name="Webshop Test" finished-at="2020-10-14T10:58:06 IST" duration-ms="26611">
      <class name="testcase.Demowebshop">
        <test-method is-config="true" signature="browserLaunch()[pri:0, instance:testcase.Demowebshop@757acd7b]" started-at="2020-10-14T10:57:40 IST" name="browserLaunch" finished-at="2020-10-14T10:57:50 IST" duration-ms="10284" status="PASS">
          <reporter-output>
          </reporter-output>
        </test-method> <!-- browserLaunch -->
        <test-method signature="bookPurchasing(java.lang.String, java.lang.String)[pri:0, instance:testcase.Demowebshop@757acd7b]" started-at="2020-10-14T10:57:50 IST" name="bookPurchasing" finished-at="2020-10-14T10:58:05 IST" duration-ms="15236" status="PASS">
          <params>
            <param index="0">
              <value>
                <![CDATA[atest@gmail.com]]>
              </value>
            </param>
            <param index="1">
              <value>
                <![CDATA[123456]]>
              </value>
            </param>
          </params>
          <reporter-output>
          </reporter-output>
        </test-method> <!-- bookPurchasing -->
        <test-method is-config="true" signature="browserClose()[pri:0, instance:testcase.Demowebshop@757acd7b]" started-at="2020-10-14T10:58:05 IST" name="browserClose" finished-at="2020-10-14T10:58:06 IST" duration-ms="1031" status="PASS">
          <reporter-output>
          </reporter-output>
        </test-method> <!-- browserClose -->
      </class> <!-- testcase.Demowebshop -->
    </test> <!-- Webshop Test -->
  </suite> <!-- Demo Webshop -->
</testng-results>
